Using pre-set license
Built from '2021.1/staging' branch; Version is '2021.1.6f1 (c0fade0cc7e9) revision 12647134'; Using compiler version '192528614'; Build Type 'Release'
OS: 'Windows 10 Home; OS build 19042.867; Version 2009; 64bit' Language: 'en' Physical Memory: 16331 MB
BatchMode: 1, IsHumanControllingUs: 0, StartBugReporterOnCrash: 0, Is64bit: 1, IsPro: 0

 COMMAND LINE ARGUMENTS:
C:\Users\antru\Documents\Unity Editors\2021.1.6f1\Editor\Unity.exe
-adb2
-batchMode
-noUpm
-name
AssetImportWorker0
-projectPath
C:/Users/antru/Documents/GitHub/HamJoyGames/Resolution-DisplayType
-logFile
Logs/AssetImportWorker0.log
-srvPort
58040
Successfully changed project path to: C:/Users/antru/Documents/GitHub/HamJoyGames/Resolution-DisplayType
C:/Users/antru/Documents/GitHub/HamJoyGames/Resolution-DisplayType
Using Asset Import Pipeline V2.
Refreshing native plugins compatible for Editor in 75.09 ms, found 1 plugins.
Preloading 0 native plugins for Editor in 0.00 ms.
Initialize engine version: 2021.1.6f1 (c0fade0cc7e9)
[Subsystems] Discovering subsystems at path C:/Users/antru/Documents/Unity Editors/2021.1.6f1/Editor/Data/Resources/UnitySubsystems
[Subsystems] Discovering subsystems at path C:/Users/antru/Documents/GitHub/HamJoyGames/Resolution-DisplayType/Assets
GfxDevice: creating device client; threaded=0; jobified=0
Direct3D:
    Version:  Direct3D 11.0 [level 11.1]
    Renderer: NVIDIA GeForce GTX 1660 SUPER (ID=0x21c4)
    Vendor:   NVIDIA
    VRAM:     5991 MB
    Driver:   30.0.14.7111
Initialize mono
Mono path[0] = 'C:/Users/antru/Documents/Unity Editors/2021.1.6f1/Editor/Data/Managed'
Mono path[1] = 'C:/Users/antru/Documents/Unity Editors/2021.1.6f1/Editor/Data/MonoBleedingEdge/lib/mono/unityjit'
Mono config path = 'C:/Users/antru/Documents/Unity Editors/2021.1.6f1/Editor/Data/MonoBleedingEdge/etc'
Using monoOptions --debugger-agent=transport=dt_socket,embedding=1,server=y,suspend=n,address=127.0.0.1:56392
Begin MonoManager ReloadAssembly
Registering precompiled unity dll's ...
Register platform support module: C:/Users/antru/Documents/Unity Editors/2021.1.6f1/Editor/Data/PlaybackEngines/WindowsStandaloneSupport/UnityEditor.WindowsStandalone.Extensions.dll
Registered in 0.001719 seconds.
Native extension for WindowsStandalone target not found
Refreshing native plugins compatible for Editor in 66.00 ms, found 1 plugins.
Preloading 0 native plugins for Editor in 0.00 ms.
Mono: successfully reloaded assembly
- Completed reload, in  1.350 seconds
Platform modules already initialized, skipping
Registering precompiled user dll's ...
Registered in 0.002541 seconds.
Begin MonoManager ReloadAssembly
Native extension for WindowsStandalone target not found
Refreshing native plugins compatible for Editor in 0.80 ms, found 1 plugins.
Preloading 0 native plugins for Editor in 0.00 ms.
Mono: successfully reloaded assembly
- Completed reload, in  0.919 seconds
Platform modules already initialized, skipping
========================================================================
Worker process is ready to serve import requests
Launched and connected shader compiler UnityShaderCompiler.exe after 0.04 seconds
Refreshing native plugins compatible for Editor in 0.79 ms, found 1 plugins.
Preloading 0 native plugins for Editor in 0.00 ms.
Unloading 2666 Unused Serialized files (Serialized files now loaded: 0)
System memory in use before: 98.2 MB.
System memory in use after: 98.3 MB.

Unloading 15 unused Assets to reduce memory usage. Loaded Objects now: 3119.
Total: 1.940100 ms (FindLiveObjects: 0.270500 ms CreateObjectMapping: 0.062800 ms MarkObjects: 1.539000 ms  DeleteObjects: 0.066600 ms)

========================================================================
Received Import Request.
  path: Assets/Scripts/Settings.cs
  artifactKey: Guid(42865d7bc182e6e4ca5bfba902ac3720) Importer(815301076,1909f56bfc062723c751e8b465ee728b)
Start importing Assets/Scripts/Settings.cs using Guid(42865d7bc182e6e4ca5bfba902ac3720) Importer(815301076,1909f56bfc062723c751e8b465ee728b)  -> (artifact id: 'fb8f70c5aee63281df2e2b263039ff7c') in 0.031268 seconds 
========================================================================
Received Prepare
Registering precompiled user dll's ...
Registered in 0.002652 seconds.
Begin MonoManager ReloadAssembly
Native extension for WindowsStandalone target not found
Refreshing native plugins compatible for Editor in 0.55 ms, found 1 plugins.
Preloading 0 native plugins for Editor in 0.00 ms.
Mono: successfully reloaded assembly
- Completed reload, in  0.770 seconds
Platform modules already initialized, skipping
Refreshing native plugins compatible for Editor in 0.53 ms, found 1 plugins.
Preloading 0 native plugins for Editor in 0.00 ms.
Unloading 2661 Unused Serialized files (Serialized files now loaded: 0)
System memory in use before: 98.1 MB.
System memory in use after: 98.3 MB.

Unloading 10 unused Assets to reduce memory usage. Loaded Objects now: 3122.
Total: 1.846700 ms (FindLiveObjects: 0.274100 ms CreateObjectMapping: 0.065400 ms MarkObjects: 1.460100 ms  DeleteObjects: 0.046200 ms)

========================================================================
Received Prepare
Refreshing native plugins compatible for Editor in 1.81 ms, found 1 plugins.
Preloading 0 native plugins for Editor in 0.00 ms.
Unloading 8 Unused Serialized files (Serialized files now loaded: 0)
System memory in use before: 45.6 MB.
System memory in use after: 45.8 MB.

Unloading 8 unused Assets to reduce memory usage. Loaded Objects now: 3122.
Total: 1.996600 ms (FindLiveObjects: 0.242700 ms CreateObjectMapping: 0.066700 ms MarkObjects: 1.650900 ms  DeleteObjects: 0.035700 ms)

========================================================================
Received Prepare
Registering precompiled user dll's ...
Registered in 0.002495 seconds.
Begin MonoManager ReloadAssembly
Native extension for WindowsStandalone target not found
Refreshing native plugins compatible for Editor in 0.54 ms, found 1 plugins.
Preloading 0 native plugins for Editor in 0.00 ms.
Mono: successfully reloaded assembly
- Completed reload, in  0.770 seconds
Platform modules already initialized, skipping
Refreshing native plugins compatible for Editor in 0.53 ms, found 1 plugins.
Preloading 0 native plugins for Editor in 0.00 ms.
Unloading 2661 Unused Serialized files (Serialized files now loaded: 0)
System memory in use before: 98.2 MB.
System memory in use after: 98.4 MB.

Unloading 10 unused Assets to reduce memory usage. Loaded Objects now: 3125.
Total: 1.890200 ms (FindLiveObjects: 0.257100 ms CreateObjectMapping: 0.062900 ms MarkObjects: 1.513300 ms  DeleteObjects: 0.055800 ms)

========================================================================
Received Prepare
Refreshing native plugins compatible for Editor in 1.80 ms, found 1 plugins.
Preloading 0 native plugins for Editor in 0.00 ms.
Unloading 8 Unused Serialized files (Serialized files now loaded: 0)
System memory in use before: 45.6 MB.
System memory in use after: 45.8 MB.

Unloading 8 unused Assets to reduce memory usage. Loaded Objects now: 3125.
Total: 1.761400 ms (FindLiveObjects: 0.236500 ms CreateObjectMapping: 0.066300 ms MarkObjects: 1.424700 ms  DeleteObjects: 0.033100 ms)

========================================================================
Received Prepare
Registering precompiled user dll's ...
Registered in 0.002444 seconds.
Begin MonoManager ReloadAssembly
Native extension for WindowsStandalone target not found
Refreshing native plugins compatible for Editor in 0.54 ms, found 1 plugins.
Preloading 0 native plugins for Editor in 0.00 ms.
Mono: successfully reloaded assembly
- Completed reload, in  0.747 seconds
Platform modules already initialized, skipping
Refreshing native plugins compatible for Editor in 0.40 ms, found 1 plugins.
Preloading 0 native plugins for Editor in 0.00 ms.
Unloading 2661 Unused Serialized files (Serialized files now loaded: 0)
System memory in use before: 98.2 MB.
System memory in use after: 98.4 MB.

Unloading 10 unused Assets to reduce memory usage. Loaded Objects now: 3128.
Total: 1.774300 ms (FindLiveObjects: 0.228700 ms CreateObjectMapping: 0.063300 ms MarkObjects: 1.435500 ms  DeleteObjects: 0.045600 ms)

========================================================================
Received Prepare
Registering precompiled user dll's ...
Registered in 0.002453 seconds.
Begin MonoManager ReloadAssembly
Native extension for WindowsStandalone target not found
Refreshing native plugins compatible for Editor in 0.54 ms, found 1 plugins.
Preloading 0 native plugins for Editor in 0.00 ms.
Mono: successfully reloaded assembly
- Completed reload, in  0.765 seconds
Platform modules already initialized, skipping
Refreshing native plugins compatible for Editor in 0.53 ms, found 1 plugins.
Preloading 0 native plugins for Editor in 0.00 ms.
Unloading 2661 Unused Serialized files (Serialized files now loaded: 0)
System memory in use before: 98.2 MB.
System memory in use after: 98.4 MB.

Unloading 10 unused Assets to reduce memory usage. Loaded Objects now: 3131.
Total: 1.856300 ms (FindLiveObjects: 0.249600 ms CreateObjectMapping: 0.061600 ms MarkObjects: 1.497700 ms  DeleteObjects: 0.046300 ms)

========================================================================
Received Prepare
Registering precompiled user dll's ...
Registered in 0.002734 seconds.
Begin MonoManager ReloadAssembly
Native extension for WindowsStandalone target not found
Refreshing native plugins compatible for Editor in 0.53 ms, found 1 plugins.
Preloading 0 native plugins for Editor in 0.00 ms.
Mono: successfully reloaded assembly
- Completed reload, in  0.761 seconds
Platform modules already initialized, skipping
Refreshing native plugins compatible for Editor in 0.58 ms, found 1 plugins.
Preloading 0 native plugins for Editor in 0.00 ms.
Unloading 2661 Unused Serialized files (Serialized files now loaded: 0)
System memory in use before: 98.2 MB.
System memory in use after: 98.4 MB.

Unloading 10 unused Assets to reduce memory usage. Loaded Objects now: 3134.
Total: 1.894900 ms (FindLiveObjects: 0.260400 ms CreateObjectMapping: 0.067500 ms MarkObjects: 1.523600 ms  DeleteObjects: 0.042300 ms)

========================================================================
Received Prepare
Refreshing native plugins compatible for Editor in 1.87 ms, found 1 plugins.
Preloading 0 native plugins for Editor in 0.00 ms.
Unloading 8 Unused Serialized files (Serialized files now loaded: 0)
System memory in use before: 45.7 MB.
System memory in use after: 45.9 MB.

Unloading 8 unused Assets to reduce memory usage. Loaded Objects now: 3134.
Total: 1.781600 ms (FindLiveObjects: 0.239500 ms CreateObjectMapping: 0.066400 ms MarkObjects: 1.443100 ms  DeleteObjects: 0.032000 ms)

========================================================================
Received Prepare
Registering precompiled user dll's ...
Registered in 0.002523 seconds.
Begin MonoManager ReloadAssembly
Native extension for WindowsStandalone target not found
Refreshing native plugins compatible for Editor in 0.55 ms, found 1 plugins.
Preloading 0 native plugins for Editor in 0.00 ms.
Mono: successfully reloaded assembly
- Completed reload, in  0.760 seconds
Platform modules already initialized, skipping
Refreshing native plugins compatible for Editor in 0.52 ms, found 1 plugins.
Preloading 0 native plugins for Editor in 0.00 ms.
Unloading 2661 Unused Serialized files (Serialized files now loaded: 0)
System memory in use before: 98.2 MB.
System memory in use after: 98.4 MB.

Unloading 10 unused Assets to reduce memory usage. Loaded Objects now: 3137.
Total: 1.923900 ms (FindLiveObjects: 0.250000 ms CreateObjectMapping: 0.068800 ms MarkObjects: 1.556900 ms  DeleteObjects: 0.047200 ms)

========================================================================
Received Prepare
Refreshing native plugins compatible for Editor in 2.05 ms, found 1 plugins.
Preloading 0 native plugins for Editor in 0.00 ms.
Unloading 8 Unused Serialized files (Serialized files now loaded: 0)
System memory in use before: 45.7 MB.
System memory in use after: 45.9 MB.

Unloading 8 unused Assets to reduce memory usage. Loaded Objects now: 3137.
Total: 2.035800 ms (FindLiveObjects: 0.321200 ms CreateObjectMapping: 0.072300 ms MarkObjects: 1.595000 ms  DeleteObjects: 0.046600 ms)

========================================================================
Received Prepare
Registering precompiled user dll's ...
Registered in 0.002494 seconds.
Begin MonoManager ReloadAssembly
Native extension for WindowsStandalone target not found
Refreshing native plugins compatible for Editor in 0.56 ms, found 1 plugins.
Preloading 0 native plugins for Editor in 0.00 ms.
Mono: successfully reloaded assembly
- Completed reload, in  0.749 seconds
Platform modules already initialized, skipping
Refreshing native plugins compatible for Editor in 0.57 ms, found 1 plugins.
Preloading 0 native plugins for Editor in 0.00 ms.
Unloading 2661 Unused Serialized files (Serialized files now loaded: 0)
System memory in use before: 98.3 MB.
System memory in use after: 98.4 MB.

Unloading 10 unused Assets to reduce memory usage. Loaded Objects now: 3140.
Total: 1.877600 ms (FindLiveObjects: 0.246400 ms CreateObjectMapping: 0.062100 ms MarkObjects: 1.523200 ms  DeleteObjects: 0.044900 ms)

========================================================================
Received Prepare
Refreshing native plugins compatible for Editor in 1.92 ms, found 1 plugins.
Preloading 0 native plugins for Editor in 0.00 ms.
Unloading 8 Unused Serialized files (Serialized files now loaded: 0)
System memory in use before: 45.7 MB.
System memory in use after: 45.9 MB.

Unloading 8 unused Assets to reduce memory usage. Loaded Objects now: 3140.
Total: 2.068700 ms (FindLiveObjects: 0.321500 ms CreateObjectMapping: 0.072400 ms MarkObjects: 1.626400 ms  DeleteObjects: 0.047700 ms)

========================================================================
Received Prepare
Registering precompiled user dll's ...
Registered in 0.002537 seconds.
Begin MonoManager ReloadAssembly
Native extension for WindowsStandalone target not found
Refreshing native plugins compatible for Editor in 0.53 ms, found 1 plugins.
Preloading 0 native plugins for Editor in 0.00 ms.
Mono: successfully reloaded assembly
- Completed reload, in  0.741 seconds
Platform modules already initialized, skipping
Refreshing native plugins compatible for Editor in 0.54 ms, found 1 plugins.
Preloading 0 native plugins for Editor in 0.00 ms.
Unloading 2661 Unused Serialized files (Serialized files now loaded: 0)
System memory in use before: 98.3 MB.
System memory in use after: 98.5 MB.

Unloading 10 unused Assets to reduce memory usage. Loaded Objects now: 3143.
Total: 1.921400 ms (FindLiveObjects: 0.308500 ms CreateObjectMapping: 0.062600 ms MarkObjects: 1.500300 ms  DeleteObjects: 0.048600 ms)

========================================================================
Received Prepare
Refreshing native plugins compatible for Editor in 1.85 ms, found 1 plugins.
Preloading 0 native plugins for Editor in 0.00 ms.
Unloading 8 Unused Serialized files (Serialized files now loaded: 0)
System memory in use before: 45.7 MB.
System memory in use after: 45.9 MB.

Unloading 8 unused Assets to reduce memory usage. Loaded Objects now: 3143.
Total: 1.845100 ms (FindLiveObjects: 0.245300 ms CreateObjectMapping: 0.067300 ms MarkObjects: 1.499200 ms  DeleteObjects: 0.032800 ms)

========================================================================
Received Prepare
Registering precompiled user dll's ...
Registered in 0.002534 seconds.
Begin MonoManager ReloadAssembly
Native extension for WindowsStandalone target not found
Refreshing native plugins compatible for Editor in 0.56 ms, found 1 plugins.
Preloading 0 native plugins for Editor in 0.00 ms.
Mono: successfully reloaded assembly
- Completed reload, in  0.754 seconds
Platform modules already initialized, skipping
Refreshing native plugins compatible for Editor in 0.62 ms, found 1 plugins.
Preloading 0 native plugins for Editor in 0.00 ms.
Unloading 2661 Unused Serialized files (Serialized files now loaded: 0)
System memory in use before: 98.3 MB.
System memory in use after: 98.5 MB.

Unloading 10 unused Assets to reduce memory usage. Loaded Objects now: 3146.
Total: 1.881900 ms (FindLiveObjects: 0.251800 ms CreateObjectMapping: 0.062100 ms MarkObjects: 1.521200 ms  DeleteObjects: 0.045600 ms)

========================================================================
Received Prepare
Refreshing native plugins compatible for Editor in 2.05 ms, found 1 plugins.
Preloading 0 native plugins for Editor in 0.00 ms.
Unloading 8 Unused Serialized files (Serialized files now loaded: 0)
System memory in use before: 45.7 MB.
System memory in use after: 45.9 MB.

Unloading 8 unused Assets to reduce memory usage. Loaded Objects now: 3146.
Total: 1.911100 ms (FindLiveObjects: 0.244500 ms CreateObjectMapping: 0.065000 ms MarkObjects: 1.565100 ms  DeleteObjects: 0.035900 ms)

========================================================================
Received Prepare
Registering precompiled user dll's ...
Registered in 0.002533 seconds.
Begin MonoManager ReloadAssembly
Native extension for WindowsStandalone target not found
Refreshing native plugins compatible for Editor in 0.54 ms, found 1 plugins.
Preloading 0 native plugins for Editor in 0.00 ms.
Mono: successfully reloaded assembly
- Completed reload, in  0.750 seconds
Platform modules already initialized, skipping
Refreshing native plugins compatible for Editor in 0.50 ms, found 1 plugins.
Preloading 0 native plugins for Editor in 0.00 ms.
Unloading 2661 Unused Serialized files (Serialized files now loaded: 0)
System memory in use before: 98.3 MB.
System memory in use after: 98.5 MB.

Unloading 10 unused Assets to reduce memory usage. Loaded Objects now: 3149.
Total: 1.885100 ms (FindLiveObjects: 0.262400 ms CreateObjectMapping: 0.094400 ms MarkObjects: 1.482800 ms  DeleteObjects: 0.044800 ms)

========================================================================
Received Prepare
Registering precompiled user dll's ...
Registered in 0.002509 seconds.
Begin MonoManager ReloadAssembly
Native extension for WindowsStandalone target not found
Refreshing native plugins compatible for Editor in 0.54 ms, found 1 plugins.
Preloading 0 native plugins for Editor in 0.00 ms.
Mono: successfully reloaded assembly
- Completed reload, in  0.756 seconds
Platform modules already initialized, skipping
Refreshing native plugins compatible for Editor in 0.50 ms, found 1 plugins.
Preloading 0 native plugins for Editor in 0.00 ms.
Unloading 2661 Unused Serialized files (Serialized files now loaded: 0)
System memory in use before: 98.3 MB.
System memory in use after: 98.5 MB.

Unloading 10 unused Assets to reduce memory usage. Loaded Objects now: 3152.
Total: 1.828000 ms (FindLiveObjects: 0.234500 ms CreateObjectMapping: 0.062300 ms MarkObjects: 1.480400 ms  DeleteObjects: 0.050000 ms)

========================================================================
Received Import Request.
  Time since last request: 4677.430403 seconds.
  path: Packages/com.unity.visualscripting/Editor/VisualScripting.Core/EditorAssetResources/Icons/Windows/AboutWindow/AboutPage@32x.png
  artifactKey: Guid(14a8ae82d6c2846769a653bf9f4c0753) Importer(815301076,1909f56bfc062723c751e8b465ee728b)
Start importing Packages/com.unity.visualscripting/Editor/VisualScripting.Core/EditorAssetResources/Icons/Windows/AboutWindow/AboutPage@32x.png using Guid(14a8ae82d6c2846769a653bf9f4c0753) Importer(815301076,1909f56bfc062723c751e8b465ee728b)  -> (artifact id: '6af6c718410066b96053a2e6709f4ecc') in 0.118327 seconds 
========================================================================
Received Import Request.
  Time since last request: 0.000169 seconds.
  path: Packages/com.unity.visualscripting/Editor/VisualScripting.Core/EditorAssetResources/Icons/Enums/Ludiq.AlignOperation/AlignLeftEdges@16x.png
  artifactKey: Guid(5ea33152e59ab5a498b4fde102bba2d5) Importer(815301076,1909f56bfc062723c751e8b465ee728b)
Start importing Packages/com.unity.visualscripting/Editor/VisualScripting.Core/EditorAssetResources/Icons/Enums/Ludiq.AlignOperation/AlignLeftEdges@16x.png using Guid(5ea33152e59ab5a498b4fde102bba2d5) Importer(815301076,1909f56bfc062723c751e8b465ee728b)  -> (artifact id: 'c1e24de6bd5ff9edc863db926cee9f3a') in 0.018666 seconds 
========================================================================
Received Import Request.
  Time since last request: 0.000171 seconds.
  path: Packages/com.unity.visualscripting/Editor/VisualScripting.Core/EditorAssetResources/Icons/Enums/Ludiq.AlignOperation/AlignMiddles_Pro@16x.png
  artifactKey: Guid(bae78a79e5f2f1a42b459c45cf2e6695) Importer(815301076,1909f56bfc062723c751e8b465ee728b)
Start importing Packages/com.unity.visualscripting/Editor/VisualScripting.Core/EditorAssetResources/Icons/Enums/Ludiq.AlignOperation/AlignMiddles_Pro@16x.png using Guid(bae78a79e5f2f1a42b459c45cf2e6695) Importer(815301076,1909f56bfc062723c751e8b465ee728b)  -> (artifact id: '902e25bf68caf8988ac05076daaacae6') in 0.017236 seconds 
========================================================================
Received Import Request.
  Time since last request: 0.000151 seconds.
  path: Packages/com.unity.visualscripting/Editor/VisualScripting.Core/EditorAssetResources/Icons/Enums/Ludiq.AlignOperation/AlignBottomEdges@32x.png
  artifactKey: Guid(714feff620e1d064789b7374bf7f3ff0) Importer(815301076,1909f56bfc062723c751e8b465ee728b)
Start importing Packages/com.unity.visualscripting/Editor/VisualScripting.Core/EditorAssetResources/Icons/Enums/Ludiq.AlignOperation/AlignBottomEdges@32x.png using Guid(714feff620e1d064789b7374bf7f3ff0) Importer(815301076,1909f56bfc062723c751e8b465ee728b)  -> (artifact id: 'c13c9286d3ba65f726bf5f1f6e1500a3') in 0.020983 seconds 
========================================================================
Received Import Request.
  Time since last request: 0.000157 seconds.
  path: Packages/com.unity.visualscripting/Editor/VisualScripting.Core/EditorAssetResources/Icons/Enums/Ludiq.AlignOperation/AlignLeftEdges@32x.png
  artifactKey: Guid(b07989970d3e19a449231ef7396dce6a) Importer(815301076,1909f56bfc062723c751e8b465ee728b)
Start importing Packages/com.unity.visualscripting/Editor/VisualScripting.Core/EditorAssetResources/Icons/Enums/Ludiq.AlignOperation/AlignLeftEdges@32x.png using Guid(b07989970d3e19a449231ef7396dce6a) Importer(815301076,1909f56bfc062723c751e8b465ee728b)  -> (artifact id: 'd183907c0d5e0a31cfd261a79c8d80a1') in 0.025402 seconds 
========================================================================
Received Import Request.
  Time since last request: 0.000129 seconds.
  path: Packages/com.unity.visualscripting/Editor/VisualScripting.Core/EditorAssetResources/Icons/Enums/Ludiq.AlignOperation/AlignCenters@16x.png
  artifactKey: Guid(44ba581dd78f4e84599a2d7c9a85bace) Importer(815301076,1909f56bfc062723c751e8b465ee728b)
Start importing Packages/com.unity.visualscripting/Editor/VisualScripting.Core/EditorAssetResources/Icons/Enums/Ludiq.AlignOperation/AlignCenters@16x.png using Guid(44ba581dd78f4e84599a2d7c9a85bace) Importer(815301076,1909f56bfc062723c751e8b465ee728b)  -> (artifact id: '4de911a4d2e762a7768fd9aa1ac601ba') in 0.021295 seconds 
========================================================================
Received Import Request.
  Time since last request: 0.000160 seconds.
  path: Packages/com.unity.visualscripting/Editor/VisualScripting.Core/EditorAssetResources/Icons/Enums/Ludiq.AlignOperation/AlignCenters_Pro@16x.png
  artifactKey: Guid(8f22ee4fd9513ac448583126ff00f69c) Importer(815301076,1909f56bfc062723c751e8b465ee728b)
Start importing Packages/com.unity.visualscripting/Editor/VisualScripting.Core/EditorAssetResources/Icons/Enums/Ludiq.AlignOperation/AlignCenters_Pro@16x.png using Guid(8f22ee4fd9513ac448583126ff00f69c) Importer(815301076,1909f56bfc062723c751e8b465ee728b)  -> (artifact id: 'e351bd5778b3be6e85405e91399551b0') in 0.016556 seconds 
========================================================================
Received Import Request.
  Time since last request: 0.000155 seconds.
  path: Packages/com.unity.visualscripting/Editor/VisualScripting.Core/EditorAssetResources/Icons/Enums/Ludiq.AlignOperation/AlignLeftEdges_Pro@16x.png
  artifactKey: Guid(772b31bfb05ffd24e903ac753fef6669) Importer(815301076,1909f56bfc062723c751e8b465ee728b)
Start importing Packages/com.unity.visualscripting/Editor/VisualScripting.Core/EditorAssetResources/Icons/Enums/Ludiq.AlignOperation/AlignLeftEdges_Pro@16x.png using Guid(772b31bfb05ffd24e903ac753fef6669) Importer(815301076,1909f56bfc062723c751e8b465ee728b)  -> (artifact id: 'c1eeb83b7dffa393f2984cfed84422da') in 0.017797 seconds 
========================================================================
Received Import Request.
  Time since last request: 0.000146 seconds.
  path: Packages/com.unity.visualscripting/Editor/VisualScripting.Core/EditorAssetResources/Icons/Enums/Ludiq.AlignOperation/AlignLeftEdges_Pro@64x.png
  artifactKey: Guid(17d60a53a890d774bb220c008eca2552) Importer(815301076,1909f56bfc062723c751e8b465ee728b)
Start importing Packages/com.unity.visualscripting/Editor/VisualScripting.Core/EditorAssetResources/Icons/Enums/Ludiq.AlignOperation/AlignLeftEdges_Pro@64x.png using Guid(17d60a53a890d774bb220c008eca2552) Importer(815301076,1909f56bfc062723c751e8b465ee728b)  -> (artifact id: '0e29636c0a43039b7b2632f0edc8f7bf') in 0.017515 seconds 
========================================================================
Received Import Request.
  Time since last request: 0.000149 seconds.
  path: Packages/com.unity.visualscripting/Editor/VisualScripting.Core/EditorAssetResources/Icons/Enums/Ludiq.AlignOperation/AlignBottomEdges@16x.png
  artifactKey: Guid(40613e48a04e7c6499a0d8adf42dba7e) Importer(815301076,1909f56bfc062723c751e8b465ee728b)
Start importing Packages/com.unity.visualscripting/Editor/VisualScripting.Core/EditorAssetResources/Icons/Enums/Ludiq.AlignOperation/AlignBottomEdges@16x.png using Guid(40613e48a04e7c6499a0d8adf42dba7e) Importer(815301076,1909f56bfc062723c751e8b465ee728b)  -> (artifact id: 'f43c5fee5bd542c9e233acb41276b02b') in 0.015332 seconds 
========================================================================
Received Import Request.
  Time since last request: 0.000141 seconds.
  path: Packages/com.unity.visualscripting/Editor/VisualScripting.Core/EditorAssetResources/Icons/Enums/Ludiq.AlignOperation/AlignCenters@32x.png
  artifactKey: Guid(ca49d1d014cf6b04c88fb8f0154770ee) Importer(815301076,1909f56bfc062723c751e8b465ee728b)
Start importing Packages/com.unity.visualscripting/Editor/VisualScripting.Core/EditorAssetResources/Icons/Enums/Ludiq.AlignOperation/AlignCenters@32x.png using Guid(ca49d1d014cf6b04c88fb8f0154770ee) Importer(815301076,1909f56bfc062723c751e8b465ee728b)  -> (artifact id: 'd8827bf56b4a0ceb8c3150b483fa340b') in 0.015139 seconds 
========================================================================
Received Import Request.
  Time since last request: 0.000158 seconds.
  path: Packages/com.unity.visualscripting/Editor/VisualScripting.Core/EditorAssetResources/Icons/Enums/Ludiq.AlignOperation/AlignMiddles_Pro@32x.png
  artifactKey: Guid(1767f955a15663046a17fe02a81163e9) Importer(815301076,1909f56bfc062723c751e8b465ee728b)
Start importing Packages/com.unity.visualscripting/Editor/VisualScripting.Core/EditorAssetResources/Icons/Enums/Ludiq.AlignOperation/AlignMiddles_Pro@32x.png using Guid(1767f955a15663046a17fe02a81163e9) Importer(815301076,1909f56bfc062723c751e8b465ee728b)  -> (artifact id: '82da5f02df1964ce304c8269af7b8917') in 0.014412 seconds 
========================================================================
Received Import Request.
  Time since last request: 0.000144 seconds.
  path: Packages/com.unity.visualscripting/Editor/VisualScripting.Core/EditorAssetResources/Icons/Windows/AboutWindow/AboutPluginsPage@32x.png
  artifactKey: Guid(b9d75ee465bf243539414eab3b94ff02) Importer(815301076,1909f56bfc062723c751e8b465ee728b)
Start importing Packages/com.unity.visualscripting/Editor/VisualScripting.Core/EditorAssetResources/Icons/Windows/AboutWindow/AboutPluginsPage@32x.png using Guid(b9d75ee465bf243539414eab3b94ff02) Importer(815301076,1909f56bfc062723c751e8b465ee728b)  -> (artifact id: '063653fc444a56799a0b2c7bcfb157bc') in 0.018066 seconds 
========================================================================
Received Import Request.
  Time since last request: 0.000144 seconds.
  path: Packages/com.unity.visualscripting/Editor/VisualScripting.Core/EditorAssetResources/Icons/Enums/Ludiq.AlignOperation/AlignBottomEdges_Pro@16x.png
  artifactKey: Guid(f631431e95a3acf46b8e40e041e62e30) Importer(815301076,1909f56bfc062723c751e8b465ee728b)
Start importing Packages/com.unity.visualscripting/Editor/VisualScripting.Core/EditorAssetResources/Icons/Enums/Ludiq.AlignOperation/AlignBottomEdges_Pro@16x.png using Guid(f631431e95a3acf46b8e40e041e62e30) Importer(815301076,1909f56bfc062723c751e8b465ee728b)  -> (artifact id: 'cd6f14043ea4cec6acf6a53abe6207bb') in 0.018051 seconds 
========================================================================
Received Import Request.
  Time since last request: 0.000201 seconds.
  path: Packages/com.unity.visualscripting/Editor/VisualScripting.Core/EditorAssetResources/Icons/Enums/Ludiq.AlignOperation/AlignBottomEdges_Pro@64x.png
  artifactKey: Guid(b6bfa937165291f4e8d4980c0e0adf98) Importer(815301076,1909f56bfc062723c751e8b465ee728b)
Start importing Packages/com.unity.visualscripting/Editor/VisualScripting.Core/EditorAssetResources/Icons/Enums/Ludiq.AlignOperation/AlignBottomEdges_Pro@64x.png using Guid(b6bfa937165291f4e8d4980c0e0adf98) Importer(815301076,1909f56bfc062723c751e8b465ee728b)  -> (artifact id: '4c4fc33f025e51edb7c73941b9ae920f') in 0.015255 seconds 
========================================================================
Received Import Request.
  Time since last request: 0.000134 seconds.
  path: Packages/com.unity.visualscripting/Editor/VisualScripting.Core/EditorAssetResources/Icons/Enums/Ludiq.AlignOperation/AlignCenters_Pro@32x.png
  artifactKey: Guid(d3c8b9fbe53ec274e8a4895628ec79d7) Importer(815301076,1909f56bfc062723c751e8b465ee728b)
Start importing Packages/com.unity.visualscripting/Editor/VisualScripting.Core/EditorAssetResources/Icons/Enums/Ludiq.AlignOperation/AlignCenters_Pro@32x.png using Guid(d3c8b9fbe53ec274e8a4895628ec79d7) Importer(815301076,1909f56bfc062723c751e8b465ee728b)  -> (artifact id: 'ab066adf86fe19f82e9db310f8eea626') in 0.019814 seconds 
========================================================================
Received Import Request.
  Time since last request: 0.000138 seconds.
  path: Packages/com.unity.visualscripting/Editor/VisualScripting.Core/EditorAssetResources/Icons/Enums/Ludiq.AlignOperation/AlignMiddles@64x.png
  artifactKey: Guid(57d73d4a1c61fb64ebc68f5d4630b747) Importer(815301076,1909f56bfc062723c751e8b465ee728b)
Start importing Packages/com.unity.visualscripting/Editor/VisualScripting.Core/EditorAssetResources/Icons/Enums/Ludiq.AlignOperation/AlignMiddles@64x.png using Guid(57d73d4a1c61fb64ebc68f5d4630b747) Importer(815301076,1909f56bfc062723c751e8b465ee728b)  -> (artifact id: 'bc6357fb2657f4361924bdd4bc1b1716') in 0.017260 seconds 
========================================================================
Received Import Request.
  Time since last request: 0.000147 seconds.
  path: Packages/com.unity.visualscripting/Editor/VisualScripting.Core/EditorAssetResources/Icons/Enums/Ludiq.AlignOperation/AlignLeftEdges_Pro@32x.png
  artifactKey: Guid(6a68ddc0b5896354a96df99d902a66f1) Importer(815301076,1909f56bfc062723c751e8b465ee728b)
Start importing Packages/com.unity.visualscripting/Editor/VisualScripting.Core/EditorAssetResources/Icons/Enums/Ludiq.AlignOperation/AlignLeftEdges_Pro@32x.png using Guid(6a68ddc0b5896354a96df99d902a66f1) Importer(815301076,1909f56bfc062723c751e8b465ee728b)  -> (artifact id: '939a15d93aacb9caf747ebc01871d5f7') in 0.015377 seconds 
========================================================================
Received Import Request.
  Time since last request: 0.000134 seconds.
  path: Packages/com.unity.visualscripting/Editor/VisualScripting.Core/EditorAssetResources/Icons/Enums/Ludiq.AlignOperation/AlignBottomEdges@64x.png
  artifactKey: Guid(05949b3ea15360946934c2411e34790d) Importer(815301076,1909f56bfc062723c751e8b465ee728b)
Start importing Packages/com.unity.visualscripting/Editor/VisualScripting.Core/EditorAssetResources/Icons/Enums/Ludiq.AlignOperation/AlignBottomEdges@64x.png using Guid(05949b3ea15360946934c2411e34790d) Importer(815301076,1909f56bfc062723c751e8b465ee728b)  -> (artifact id: '81a4a3fb1d638570311b49e4f1cb98b9') in 0.016323 seconds 
========================================================================
Received Import Request.
  Time since last request: 0.000125 seconds.
  path: Packages/com.unity.visualscripting/Editor/VisualScripting.Core/EditorAssetResources/Icons/Enums/Ludiq.AlignOperation/AlignCenters@64x.png
  artifactKey: Guid(388625601570a564fa429bc3ef008e01) Importer(815301076,1909f56bfc062723c751e8b465ee728b)
Start importing Packages/com.unity.visualscripting/Editor/VisualScripting.Core/EditorAssetResources/Icons/Enums/Ludiq.AlignOperation/AlignCenters@64x.png using Guid(388625601570a564fa429bc3ef008e01) Importer(815301076,1909f56bfc062723c751e8b465ee728b)  -> (artifact id: '3366e8d7622e62dfbaf836a9ddc4c47a') in 0.017232 seconds 
========================================================================
Received Import Request.
  Time since last request: 0.000124 seconds.
  path: Packages/com.unity.visualscripting/Editor/VisualScripting.Core/EditorAssetResources/Icons/Enums/Ludiq.AlignOperation/AlignBottomEdges_Pro@32x.png
  artifactKey: Guid(ab7137e76fe7f01489a58f218eeca860) Importer(815301076,1909f56bfc062723c751e8b465ee728b)
Start importing Packages/com.unity.visualscripting/Editor/VisualScripting.Core/EditorAssetResources/Icons/Enums/Ludiq.AlignOperation/AlignBottomEdges_Pro@32x.png using Guid(ab7137e76fe7f01489a58f218eeca860) Importer(815301076,1909f56bfc062723c751e8b465ee728b)  -> (artifact id: 'bb6f1bfc6c25937ed962a7ef60329a4b') in 0.014869 seconds 
========================================================================
Received Import Request.
  Time since last request: 0.000138 seconds.
  path: Packages/com.unity.visualscripting/Editor/VisualScripting.Core/EditorAssetResources/Icons/Enums/Ludiq.AlignOperation/AlignCenters_Pro@64x.png
  artifactKey: Guid(dbfcb8cb71d45364dbce212227922593) Importer(815301076,1909f56bfc062723c751e8b465ee728b)
Start importing Packages/com.unity.visualscripting/Editor/VisualScripting.Core/EditorAssetResources/Icons/Enums/Ludiq.AlignOperation/AlignCenters_Pro@64x.png using Guid(dbfcb8cb71d45364dbce212227922593) Importer(815301076,1909f56bfc062723c751e8b465ee728b)  -> (artifact id: '35cc291d557b4fd67a2d91a30551b96b') in 0.014284 seconds 
========================================================================
Received Import Request.
  Time since last request: 0.000139 seconds.
  path: Packages/com.unity.visualscripting/Editor/VisualScripting.Core/EditorAssetResources/Icons/Enums/Ludiq.AlignOperation/AlignMiddles@16x.png
  artifactKey: Guid(41e6b4b628364d040b50e986abd3df0d) Importer(815301076,1909f56bfc062723c751e8b465ee728b)
Start importing Packages/com.unity.visualscripting/Editor/VisualScripting.Core/EditorAssetResources/Icons/Enums/Ludiq.AlignOperation/AlignMiddles@16x.png using Guid(41e6b4b628364d040b50e986abd3df0d) Importer(815301076,1909f56bfc062723c751e8b465ee728b)  -> (artifact id: '1fc46d2e6f2486e3d2f0d8c708cf5a94') in 0.015336 seconds 
========================================================================
Received Import Request.
  Time since last request: 0.000179 seconds.
  path: Packages/com.unity.visualscripting/Editor/VisualScripting.Core/EditorAssetResources/Icons/Windows/AboutWindow/AcknowledgementPage@32x.png
  artifactKey: Guid(71ff4424a45a14d01aeb98f6e4673ddb) Importer(815301076,1909f56bfc062723c751e8b465ee728b)
Start importing Packages/com.unity.visualscripting/Editor/VisualScripting.Core/EditorAssetResources/Icons/Windows/AboutWindow/AcknowledgementPage@32x.png using Guid(71ff4424a45a14d01aeb98f6e4673ddb) Importer(815301076,1909f56bfc062723c751e8b465ee728b)  -> (artifact id: '007140f76eebb4a079ac7a6b41895698') in 0.015071 seconds 
========================================================================
Received Import Request.
  Time since last request: 0.000137 seconds.
  path: Packages/com.unity.collab-proxy/Editor/Assets/Icons/added-file-dark.png
  artifactKey: Guid(1a4f52b613391cd449af3ad2e44affeb) Importer(815301076,1909f56bfc062723c751e8b465ee728b)
Start importing Packages/com.unity.collab-proxy/Editor/Assets/Icons/added-file-dark.png using Guid(1a4f52b613391cd449af3ad2e44affeb) Importer(815301076,1909f56bfc062723c751e8b465ee728b)  -> (artifact id: 'f07088e2559d81e00903601cb055c8e4') in 0.018593 seconds 
========================================================================
Received Import Request.
  Time since last request: 0.000157 seconds.
  path: Packages/com.unity.visualscripting/Editor/VisualScripting.Core/EditorAssetResources/Icons/Enums/Ludiq.AlignOperation/AlignMiddles@32x.png
  artifactKey: Guid(92febc6a489caf04c853bb96d7ef6b0b) Importer(815301076,1909f56bfc062723c751e8b465ee728b)
Start importing Packages/com.unity.visualscripting/Editor/VisualScripting.Core/EditorAssetResources/Icons/Enums/Ludiq.AlignOperation/AlignMiddles@32x.png using Guid(92febc6a489caf04c853bb96d7ef6b0b) Importer(815301076,1909f56bfc062723c751e8b465ee728b)  -> (artifact id: 'cabcd97984b1a372e31b5d8c85681c89') in 0.016534 seconds 
========================================================================
Received Import Request.
  Time since last request: 0.000143 seconds.
  path: Packages/com.unity.collab-proxy/Editor/Assets/Icons/added-file-dark@2x.png
  artifactKey: Guid(c223e0c507e2c6549a2cb97441b62cbe) Importer(815301076,1909f56bfc062723c751e8b465ee728b)
Start importing Packages/com.unity.collab-proxy/Editor/Assets/Icons/added-file-dark@2x.png using Guid(c223e0c507e2c6549a2cb97441b62cbe) Importer(815301076,1909f56bfc062723c751e8b465ee728b)  -> (artifact id: '2595185089100460e69489ef0912113f') in 0.018969 seconds 
========================================================================
Received Import Request.
  Time since last request: 0.000156 seconds.
  path: Packages/com.unity.collab-proxy/Editor/Assets/Icons/added-file-light@2x.png
  artifactKey: Guid(ec2e3aa6d0ab8ce4eac29b56d65d61d5) Importer(815301076,1909f56bfc062723c751e8b465ee728b)
Start importing Packages/com.unity.collab-proxy/Editor/Assets/Icons/added-file-light@2x.png using Guid(ec2e3aa6d0ab8ce4eac29b56d65d61d5) Importer(815301076,1909f56bfc062723c751e8b465ee728b)  -> (artifact id: '5d72c5ca1c80d3f84122c1c6cc587578') in 0.014941 seconds 
========================================================================
Received Import Request.
  Time since last request: 0.000155 seconds.
  path: Packages/com.unity.visualscripting/Editor/VisualScripting.Core/EditorAssetResources/Icons/Enums/Ludiq.AlignOperation/AlignLeftEdges@64x.png
  artifactKey: Guid(9893ee4ac5a36e84fb6e1b1fcfaa6fdb) Importer(815301076,1909f56bfc062723c751e8b465ee728b)
Start importing Packages/com.unity.visualscripting/Editor/VisualScripting.Core/EditorAssetResources/Icons/Enums/Ludiq.AlignOperation/AlignLeftEdges@64x.png using Guid(9893ee4ac5a36e84fb6e1b1fcfaa6fdb) Importer(815301076,1909f56bfc062723c751e8b465ee728b)  -> (artifact id: '6f0f3a833753e3e49f4cf292a321c766') in 0.016517 seconds 
========================================================================
Received Import Request.
  Time since last request: 0.000147 seconds.
  path: Packages/com.unity.collab-proxy/Editor/Assets/Icons/added-file-light.png
  artifactKey: Guid(397fff6c3885f8343bb65714f0064b5d) Importer(815301076,1909f56bfc062723c751e8b465ee728b)
Start importing Packages/com.unity.collab-proxy/Editor/Assets/Icons/added-file-light.png using Guid(397fff6c3885f8343bb65714f0064b5d) Importer(815301076,1909f56bfc062723c751e8b465ee728b)  -> (artifact id: '77ff45978fa0430090c4181232fda9a5') in 0.018112 seconds 
========================================================================
Received Import Request.
  Time since last request: 81.280283 seconds.
  path: Assets/Prefabs/Settings.prefab
  artifactKey: Guid(c7814703e7eaaa34586661702456e6f8) Importer(815301076,1909f56bfc062723c751e8b465ee728b)
Start importing Assets/Prefabs/Settings.prefab using Guid(c7814703e7eaaa34586661702456e6f8) Importer(815301076,1909f56bfc062723c751e8b465ee728b)  -> (artifact id: '5864bcf70120715b6cc61496e0aabbba') in 0.044458 seconds 
========================================================================
Received Import Request.
  Time since last request: 15.320157 seconds.
  path: Assets/Prefabs/Settings.prefab
  artifactKey: Guid(c7814703e7eaaa34586661702456e6f8) Importer(815301076,1909f56bfc062723c751e8b465ee728b)
Start importing Assets/Prefabs/Settings.prefab using Guid(c7814703e7eaaa34586661702456e6f8) Importer(815301076,1909f56bfc062723c751e8b465ee728b)  -> (artifact id: '9f2b41298123eae2fa4294191e5ab80f') in 0.005515 seconds 
========================================================================
Received Prepare
Refreshing native plugins compatible for Editor in 1.91 ms, found 1 plugins.
Preloading 0 native plugins for Editor in 0.00 ms.
Unloading 8 Unused Serialized files (Serialized files now loaded: 0)
System memory in use before: 46.8 MB.
System memory in use after: 47.0 MB.

Unloading 13 unused Assets to reduce memory usage. Loaded Objects now: 3188.
Total: 2.404800 ms (FindLiveObjects: 0.253000 ms CreateObjectMapping: 0.066000 ms MarkObjects: 2.035200 ms  DeleteObjects: 0.050100 ms)

========================================================================
Received Prepare
Registering precompiled user dll's ...
Registered in 0.002505 seconds.
Begin MonoManager ReloadAssembly
Native extension for WindowsStandalone target not found
Refreshing native plugins compatible for Editor in 0.54 ms, found 1 plugins.
Preloading 0 native plugins for Editor in 0.00 ms.
Mono: successfully reloaded assembly
- Completed reload, in  0.774 seconds
Platform modules already initialized, skipping
Refreshing native plugins compatible for Editor in 0.52 ms, found 1 plugins.
Preloading 0 native plugins for Editor in 0.00 ms.
Unloading 2691 Unused Serialized files (Serialized files now loaded: 0)
System memory in use before: 111.5 MB.
System memory in use after: 111.7 MB.

Unloading 10 unused Assets to reduce memory usage. Loaded Objects now: 3611.
Total: 2.052700 ms (FindLiveObjects: 0.299100 ms CreateObjectMapping: 0.066300 ms MarkObjects: 1.639700 ms  DeleteObjects: 0.046600 ms)

========================================================================
Received Prepare
Registering precompiled user dll's ...
Registered in 0.003816 seconds.
Begin MonoManager ReloadAssembly
Native extension for WindowsStandalone target not found
Refreshing native plugins compatible for Editor in 0.56 ms, found 1 plugins.
Preloading 0 native plugins for Editor in 0.00 ms.
Mono: successfully reloaded assembly
- Completed reload, in  0.776 seconds
Platform modules already initialized, skipping
Refreshing native plugins compatible for Editor in 0.60 ms, found 1 plugins.
Preloading 0 native plugins for Editor in 0.00 ms.
Unloading 2661 Unused Serialized files (Serialized files now loaded: 0)
System memory in use before: 110.6 MB.
System memory in use after: 110.8 MB.

Unloading 10 unused Assets to reduce memory usage. Loaded Objects now: 3614.
Total: 2.219000 ms (FindLiveObjects: 0.276400 ms CreateObjectMapping: 0.065000 ms MarkObjects: 1.831400 ms  DeleteObjects: 0.045300 ms)

========================================================================
Received Prepare
Registering precompiled user dll's ...
Registered in 0.002509 seconds.
Begin MonoManager ReloadAssembly
Native extension for WindowsStandalone target not found
Refreshing native plugins compatible for Editor in 0.65 ms, found 1 plugins.
Preloading 0 native plugins for Editor in 0.00 ms.
Mono: successfully reloaded assembly
- Completed reload, in  0.829 seconds
Platform modules already initialized, skipping
Refreshing native plugins compatible for Editor in 0.52 ms, found 1 plugins.
Preloading 0 native plugins for Editor in 0.00 ms.
Unloading 2661 Unused Serialized files (Serialized files now loaded: 0)
System memory in use before: 110.6 MB.
System memory in use after: 110.8 MB.

Unloading 10 unused Assets to reduce memory usage. Loaded Objects now: 3617.
Total: 2.001700 ms (FindLiveObjects: 0.277600 ms CreateObjectMapping: 0.065800 ms MarkObjects: 1.612600 ms  DeleteObjects: 0.044900 ms)

AssetImportWorkerClient::OnTransportError - code=2 error=End of file
